# JRE version: OpenJDK Runtime Environment (8.0_202-b03) (build 1.8.0_202-release-1483-b03)
# Java VM: OpenJDK 64-Bit Server VM (25.202-b03 mixed mode windows-amd64 compressed oops)
Heap:
 PSYoungGen      total 61952K, used 35089K [0x00000000e0000000, 0x00000000e4680000, 0x0000000100000000)
  eden space 51712K, 56% used [0x00000000e0000000,0x00000000e1c71918,0x00000000e3280000)
  from space 10240K, 58% used [0x00000000e3c80000,0x00000000e4252d80,0x00000000e4680000)
  to   space 10240K, 0% used [0x00000000e3280000,0x00000000e3280000,0x00000000e3c80000)
 ParOldGen       total 61952K, used 8444K [0x00000000a0000000, 0x00000000a3c80000, 0x00000000e0000000)
  object space 61952K, 13% used [0x00000000a0000000,0x00000000a083f3b8,0x00000000a3c80000)
 Metaspace       used 30274K, capacity 30750K, committed 30976K, reserved 1075200K
  class space    used 4125K, capacity 4304K, committed 4352K, reserved 1048576K
GC Heap History (10 events):
Event: 5.995 GC heap before
{Heap before GC invocations=5 (full 0):
 PSYoungGen      total 38400K, used 38384K [0x00000000e0000000, 0x00000000e2a80000, 0x0000000100000000)
  eden space 33280K, 100% used [0x00000000e0000000,0x00000000e2080000,0x00000000e2080000)
  from space 5120K, 99% used [0x00000000e2580000,0x00000000e2a7c050,0x00000000e2a80000)
  to   space 5120K, 0% used [0x00000000e2080000,0x00000000e2080000,0x00000000e2580000)
 ParOldGen       total 87552K, used 5222K [0x00000000a0000000, 0x00000000a5580000, 0x00000000e0000000)
  object space 87552K, 5% used [0x00000000a0000000,0x00000000a0519860,0x00000000a5580000)
 Metaspace       used 19138K, capacity 19648K, committed 19968K, reserved 1067008K
  class space    used 2778K, capacity 2962K, committed 3072K, reserved 1048576K
Event: 6.006 GC heap after
Heap after GC invocations=5 (full 0):
 PSYoungGen      total 37888K, used 5104K [0x00000000e0000000, 0x00000000e3500000, 0x0000000100000000)
  eden space 32768K, 0% used [0x00000000e0000000,0x00000000e0000000,0x00000000e2000000)
  from space 5120K, 99% used [0x00000000e2080000,0x00000000e257c040,0x00000000e2580000)
  to   space 10752K, 0% used [0x00000000e2a80000,0x00000000e2a80000,0x00000000e3500000)
 ParOldGen       total 87552K, used 8935K [0x00000000a0000000, 0x00000000a5580000, 0x00000000e0000000)
  object space 87552K, 10% used [0x00000000a0000000,0x00000000a08b9fa8,0x00000000a5580000)
 Metaspace       used 19138K, capacity 19648K, committed 19968K, reserved 1067008K
  class space    used 2778K, capacity 2962K, committed 3072K, reserved 1048576K
}
Event: 6.474 GC heap before
{Heap before GC invocations=6 (full 0):
 PSYoungGen      total 37888K, used 16818K [0x00000000e0000000, 0x00000000e3500000, 0x0000000100000000)
  eden space 32768K, 35% used [0x00000000e0000000,0x00000000e0b70b08,0x00000000e2000000)
  from space 5120K, 99% used [0x00000000e2080000,0x00000000e257c040,0x00000000e2580000)
  to   space 10752K, 0% used [0x00000000e2a80000,0x00000000e2a80000,0x00000000e3500000)
 ParOldGen       total 87552K, used 8935K [0x00000000a0000000, 0x00000000a5580000, 0x00000000e0000000)
  object space 87552K, 10% used [0x00000000a0000000,0x00000000a08b9fa8,0x00000000a5580000)
 Metaspace       used 20708K, capacity 21158K, committed 21296K, reserved 1067008K
  class space    used 2953K, capacity 3123K, committed 3200K, reserved 1048576K
Event: 6.487 GC heap after
Heap after GC invocations=6 (full 0):
 PSYoungGen      total 44032K, used 7241K [0x00000000e0000000, 0x00000000e5400000, 0x0000000100000000)
  eden space 33280K, 0% used [0x00000000e0000000,0x00000000e0000000,0x00000000e2080000)
  from space 10752K, 67% used [0x00000000e2a80000,0x00000000e3192738,0x00000000e3500000)
  to   space 10240K, 0% used [0x00000000e2080000,0x00000000e2080000,0x00000000e2a80000)
 ParOldGen       total 87552K, used 8943K [0x00000000a0000000, 0x00000000a5580000, 0x00000000e0000000)
  object space 87552K, 10% used [0x00000000a0000000,0x00000000a08bbfa8,0x00000000a5580000)
 Metaspace       used 20708K, capacity 21158K, committed 21296K, reserved 1067008K
  class space    used 2953K, capacity 3123K, committed 3200K, reserved 1048576K
}
Event: 6.487 GC heap before
{Heap before GC invocations=7 (full 1):
 PSYoungGen      total 44032K, used 7241K [0x00000000e0000000, 0x00000000e5400000, 0x0000000100000000)
  eden space 33280K, 0% used [0x00000000e0000000,0x00000000e0000000,0x00000000e2080000)
  from space 10752K, 67% used [0x00000000e2a80000,0x00000000e3192738,0x00000000e3500000)
  to   space 10240K, 0% used [0x00000000e2080000,0x00000000e2080000,0x00000000e2a80000)
 ParOldGen       total 87552K, used 8943K [0x00000000a0000000, 0x00000000a5580000, 0x00000000e0000000)
  object space 87552K, 10% used [0x00000000a0000000,0x00000000a08bbfa8,0x00000000a5580000)
 Metaspace       used 20708K, capacity 21158K, committed 21296K, reserved 1067008K
  class space    used 2953K, capacity 3123K, committed 3200K, reserved 1048576K
Event: 6.554 GC heap after
Heap after GC invocations=7 (full 1):
 PSYoungGen      total 44032K, used 0K [0x00000000e0000000, 0x00000000e5400000, 0x0000000100000000)
  eden space 33280K, 0% used [0x00000000e0000000,0x00000000e0000000,0x00000000e2080000)
  from space 10752K, 0% used [0x00000000e2a80000,0x00000000e2a80000,0x00000000e3500000)
  to   space 10240K, 0% used [0x00000000e2080000,0x00000000e2080000,0x00000000e2a80000)
 ParOldGen       total 61952K, used 8428K [0x00000000a0000000, 0x00000000a3c80000, 0x00000000e0000000)
  object space 61952K, 13% used [0x00000000a0000000,0x00000000a083b3b8,0x00000000a3c80000)
 Metaspace       used 20708K, capacity 21158K, committed 21296K, reserved 1067008K
  class space    used 2953K, capacity 3123K, committed 3200K, reserved 1048576K
}
Event: 7.350 GC heap before
{Heap before GC invocations=8 (full 1):
 PSYoungGen      total 44032K, used 33280K [0x00000000e0000000, 0x00000000e5400000, 0x0000000100000000)
  eden space 33280K, 100% used [0x00000000e0000000,0x00000000e2080000,0x00000000e2080000)
  from space 10752K, 0% used [0x00000000e2a80000,0x00000000e2a80000,0x00000000e3500000)
  to   space 10240K, 0% used [0x00000000e2080000,0x00000000e2080000,0x00000000e2a80000)
 ParOldGen       total 61952K, used 8428K [0x00000000a0000000, 0x00000000a3c80000, 0x00000000e0000000)
  object space 61952K, 13% used [0x00000000a0000000,0x00000000a083b3b8,0x00000000a3c80000)
 Metaspace       used 26119K, capacity 26680K, committed 26880K, reserved 1073152K
  class space    used 3528K, capacity 3741K, committed 3840K, reserved 1048576K
Event: 7.362 GC heap after
Heap after GC invocations=8 (full 1):
 PSYoungGen      total 43520K, used 4874K [0x00000000e0000000, 0x00000000e4680000, 0x0000000100000000)
  eden space 33280K, 0% used [0x00000000e0000000,0x00000000e0000000,0x00000000e2080000)
  from space 10240K, 47% used [0x00000000e2080000,0x00000000e2542898,0x00000000e2a80000)
  to   space 10240K, 0% used [0x00000000e3c80000,0x00000000e3c80000,0x00000000e4680000)
 ParOldGen       total 61952K, used 8436K [0x00000000a0000000, 0x00000000a3c80000, 0x00000000e0000000)
  object space 61952K, 13% used [0x00000000a0000000,0x00000000a083d3b8,0x00000000a3c80000)
 Metaspace       used 26119K, capacity 26680K, committed 26880K, reserved 1073152K
  class space    used 3528K, capacity 3741K, committed 3840K, reserved 1048576K
}
Event: 7.921 GC heap before
{Heap before GC invocations=9 (full 1):
 PSYoungGen      total 43520K, used 38154K [0x00000000e0000000, 0x00000000e4680000, 0x0000000100000000)
  eden space 33280K, 100% used [0x00000000e0000000,0x00000000e2080000,0x00000000e2080000)
  from space 10240K, 47% used [0x00000000e2080000,0x00000000e2542898,0x00000000e2a80000)
  to   space 10240K, 0% used [0x00000000e3c80000,0x00000000e3c80000,0x00000000e4680000)
 ParOldGen       total 61952K, used 8436K [0x00000000a0000000, 0x00000000a3c80000, 0x00000000e0000000)
  object space 61952K, 13% used [0x00000000a0000000,0x00000000a083d3b8,0x00000000a3c80000)
 Metaspace       used 29061K, capacity 29568K, committed 29824K, reserved 1075200K
  class space    used 3928K, capacity 4102K, committed 4224K, reserved 1048576K
Event: 7.928 GC heap after
Heap after GC invocations=9 (full 1):
 PSYoungGen      total 61952K, used 5963K [0x00000000e0000000, 0x00000000e4680000, 0x0000000100000000)
  eden space 51712K, 0% used [0x00000000e0000000,0x00000000e0000000,0x00000000e3280000)
  from space 10240K, 58% used [0x00000000e3c80000,0x00000000e4252d80,0x00000000e4680000)
  to   space 10240K, 0% used [0x00000000e3280000,0x00000000e3280000,0x00000000e3c80000)
 ParOldGen       total 61952K, used 8444K [0x00000000a0000000, 0x00000000a3c80000, 0x00000000e0000000)
  object space 61952K, 13% used [0x00000000a0000000,0x00000000a083f3b8,0x00000000a3c80000)
 Metaspace       used 29061K, capacity 29568K, committed 29824K, reserved 1075200K
  class space    used 3928K, capacity 4102K, committed 4224K, reserved 1048576K
}

