# JRE version: OpenJDK Runtime Environment (8.0_202-b03) (build 1.8.0_202-release-1483-b03)
# Java VM: OpenJDK 64-Bit Server VM (25.202-b03 mixed mode windows-amd64 compressed oops)
Heap:
 PSYoungGen      total 476160K, used 410027K [0x00000000e0000000, 0x0000000100000000, 0x0000000100000000)
  eden space 425984K, 90% used [0x00000000e0000000,0x00000000f7883e80,0x00000000fa000000)
  from space 50176K, 48% used [0x00000000fcf00000,0x00000000fe6e6fb0,0x0000000100000000)
  to   space 48128K, 0% used [0x00000000fa000000,0x00000000fa000000,0x00000000fcf00000)
 ParOldGen       total 219648K, used 76966K [0x00000000a0000000, 0x00000000ad680000, 0x00000000e0000000)
  object space 219648K, 35% used [0x00000000a0000000,0x00000000a4b29ae0,0x00000000ad680000)
 Metaspace       used 139136K, capacity 147442K, committed 148800K, reserved 1179648K
  class space    used 17583K, capacity 19083K, committed 19560K, reserved 1048576K
GC Heap History (10 events):
Event: 11479.839 GC heap before
{Heap before GC invocations=29 (full 4):
 PSYoungGen      total 473088K, used 308254K [0x00000000e0000000, 0x0000000100000000, 0x0000000100000000)
  eden space 438272K, 62% used [0x00000000e0000000,0x00000000f0b0e958,0x00000000fac00000)
  from space 34816K, 99% used [0x00000000fde00000,0x00000000ffff9120,0x0000000100000000)
  to   space 43008K, 0% used [0x00000000fac00000,0x00000000fac00000,0x00000000fd600000)
 ParOldGen       total 175616K, used 67437K [0x00000000a0000000, 0x00000000aab80000, 0x00000000e0000000)
  object space 175616K, 38% used [0x00000000a0000000,0x00000000a41db400,0x00000000aab80000)
 Metaspace       used 138199K, capacity 147716K, committed 147776K, reserved 1177600K
  class space    used 17656K, capacity 19531K, committed 19560K, reserved 1048576K
Event: 11479.905 GC heap after
Heap after GC invocations=29 (full 4):
 PSYoungGen      total 481280K, used 43004K [0x00000000e0000000, 0x0000000100000000, 0x0000000100000000)
  eden space 438272K, 0% used [0x00000000e0000000,0x00000000e0000000,0x00000000fac00000)
  from space 43008K, 99% used [0x00000000fac00000,0x00000000fd5ff0d0,0x00000000fd600000)
  to   space 43008K, 0% used [0x00000000fd600000,0x00000000fd600000,0x0000000100000000)
 ParOldGen       total 175616K, used 73809K [0x00000000a0000000, 0x00000000aab80000, 0x00000000e0000000)
  object space 175616K, 42% used [0x00000000a0000000,0x00000000a48147d8,0x00000000aab80000)
 Metaspace       used 138199K, capacity 147716K, committed 147776K, reserved 1177600K
  class space    used 17656K, capacity 19531K, committed 19560K, reserved 1048576K
}
Event: 11479.905 GC heap before
{Heap before GC invocations=30 (full 5):
 PSYoungGen      total 481280K, used 43004K [0x00000000e0000000, 0x0000000100000000, 0x0000000100000000)
  eden space 438272K, 0% used [0x00000000e0000000,0x00000000e0000000,0x00000000fac00000)
  from space 43008K, 99% used [0x00000000fac00000,0x00000000fd5ff0d0,0x00000000fd600000)
  to   space 43008K, 0% used [0x00000000fd600000,0x00000000fd600000,0x0000000100000000)
 ParOldGen       total 175616K, used 73809K [0x00000000a0000000, 0x00000000aab80000, 0x00000000e0000000)
  object space 175616K, 42% used [0x00000000a0000000,0x00000000a48147d8,0x00000000aab80000)
 Metaspace       used 138199K, capacity 147716K, committed 147776K, reserved 1177600K
  class space    used 17656K, capacity 19531K, committed 19560K, reserved 1048576K
Event: 11480.446 GC heap after
Heap after GC invocations=30 (full 5):
 PSYoungGen      total 481280K, used 0K [0x00000000e0000000, 0x0000000100000000, 0x0000000100000000)
  eden space 438272K, 0% used [0x00000000e0000000,0x00000000e0000000,0x00000000fac00000)
  from space 43008K, 0% used [0x00000000fac00000,0x00000000fac00000,0x00000000fd600000)
  to   space 43008K, 0% used [0x00000000fd600000,0x00000000fd600000,0x0000000100000000)
 ParOldGen       total 219648K, used 76942K [0x00000000a0000000, 0x00000000ad680000, 0x00000000e0000000)
  object space 219648K, 35% used [0x00000000a0000000,0x00000000a4b23ae0,0x00000000ad680000)
 Metaspace       used 121512K, capacity 127596K, committed 147776K, reserved 1177600K
  class space    used 15540K, capacity 16685K, committed 19560K, reserved 1048576K
}
Event: 13331.113 GC heap before
{Heap before GC invocations=31 (full 5):
 PSYoungGen      total 481280K, used 438272K [0x00000000e0000000, 0x0000000100000000, 0x0000000100000000)
  eden space 438272K, 100% used [0x00000000e0000000,0x00000000fac00000,0x00000000fac00000)
  from space 43008K, 0% used [0x00000000fac00000,0x00000000fac00000,0x00000000fd600000)
  to   space 43008K, 0% used [0x00000000fd600000,0x00000000fd600000,0x0000000100000000)
 ParOldGen       total 219648K, used 76942K [0x00000000a0000000, 0x00000000ad680000, 0x00000000e0000000)
  object space 219648K, 35% used [0x00000000a0000000,0x00000000a4b23ae0,0x00000000ad680000)
 Metaspace       used 128573K, capacity 135668K, committed 147776K, reserved 1177600K
  class space    used 16207K, capacity 17486K, committed 19560K, reserved 1048576K
Event: 13331.177 GC heap after
Heap after GC invocations=31 (full 5):
 PSYoungGen      total 467968K, used 17593K [0x00000000e0000000, 0x0000000100000000, 0x0000000100000000)
  eden space 424960K, 0% used [0x00000000e0000000,0x00000000e0000000,0x00000000f9f00000)
  from space 43008K, 40% used [0x00000000fd600000,0x00000000fe72e4c0,0x0000000100000000)
  to   space 49664K, 0% used [0x00000000f9f00000,0x00000000f9f00000,0x00000000fcf80000)
 ParOldGen       total 219648K, used 76950K [0x00000000a0000000, 0x00000000ad680000, 0x00000000e0000000)
  object space 219648K, 35% used [0x00000000a0000000,0x00000000a4b25ae0,0x00000000ad680000)
 Metaspace       used 128573K, capacity 135668K, committed 147776K, reserved 1177600K
  class space    used 16207K, capacity 17486K, committed 19560K, reserved 1048576K
}
Event: 13338.415 GC heap before
{Heap before GC invocations=32 (full 5):
 PSYoungGen      total 467968K, used 442553K [0x00000000e0000000, 0x0000000100000000, 0x0000000100000000)
  eden space 424960K, 100% used [0x00000000e0000000,0x00000000f9f00000,0x00000000f9f00000)
  from space 43008K, 40% used [0x00000000fd600000,0x00000000fe72e4c0,0x0000000100000000)
  to   space 49664K, 0% used [0x00000000f9f00000,0x00000000f9f00000,0x00000000fcf80000)
 ParOldGen       total 219648K, used 76950K [0x00000000a0000000, 0x00000000ad680000, 0x00000000e0000000)
  object space 219648K, 35% used [0x00000000a0000000,0x00000000a4b25ae0,0x00000000ad680000)
 Metaspace       used 137962K, capacity 146188K, committed 147776K, reserved 1177600K
  class space    used 17532K, capacity 19012K, committed 19560K, reserved 1048576K
Event: 13338.454 GC heap after
Heap after GC invocations=32 (full 5):
 PSYoungGen      total 457216K, used 31908K [0x00000000e0000000, 0x0000000100000000, 0x0000000100000000)
  eden space 424960K, 0% used [0x00000000e0000000,0x00000000e0000000,0x00000000f9f00000)
  from space 32256K, 98% used [0x00000000f9f00000,0x00000000fbe290f8,0x00000000fbe80000)
  to   space 50176K, 0% used [0x00000000fcf00000,0x00000000fcf00000,0x0000000100000000)
 ParOldGen       total 219648K, used 76958K [0x00000000a0000000, 0x00000000ad680000, 0x00000000e0000000)
  object space 219648K, 35% used [0x00000000a0000000,0x00000000a4b27ae0,0x00000000ad680000)
 Metaspace       used 137962K, capacity 146188K, committed 147776K, reserved 1177600K
  class space    used 17532K, capacity 19012K, committed 19560K, reserved 1048576K
}
Event: 13340.966 GC heap before
{Heap before GC invocations=33 (full 5):
 PSYoungGen      total 457216K, used 456868K [0x00000000e0000000, 0x0000000100000000, 0x0000000100000000)
  eden space 424960K, 100% used [0x00000000e0000000,0x00000000f9f00000,0x00000000f9f00000)
  from space 32256K, 98% used [0x00000000f9f00000,0x00000000fbe290f8,0x00000000fbe80000)
  to   space 50176K, 0% used [0x00000000fcf00000,0x00000000fcf00000,0x0000000100000000)
 ParOldGen       total 219648K, used 76958K [0x00000000a0000000, 0x00000000ad680000, 0x00000000e0000000)
  object space 219648K, 35% used [0x00000000a0000000,0x00000000a4b27ae0,0x00000000ad680000)
 Metaspace       used 138725K, capacity 146960K, committed 148544K, reserved 1177600K
  class space    used 17560K, capacity 19030K, committed 19560K, reserved 1048576K
Event: 13340.991 GC heap after
Heap after GC invocations=33 (full 5):
 PSYoungGen      total 476160K, used 24475K [0x00000000e0000000, 0x0000000100000000, 0x0000000100000000)
  eden space 425984K, 0% used [0x00000000e0000000,0x00000000e0000000,0x00000000fa000000)
  from space 50176K, 48% used [0x00000000fcf00000,0x00000000fe6e6fb0,0x0000000100000000)
  to   space 48128K, 0% used [0x00000000fa000000,0x00000000fa000000,0x00000000fcf00000)
 ParOldGen       total 219648K, used 76966K [0x00000000a0000000, 0x00000000ad680000, 0x00000000e0000000)
  object space 219648K, 35% used [0x00000000a0000000,0x00000000a4b29ae0,0x00000000ad680000)
 Metaspace       used 138725K, capacity 146960K, committed 148544K, reserved 1177600K
  class space    used 17560K, capacity 19030K, committed 19560K, reserved 1048576K
}

